<?xml version="1.0" encoding="UTF-8"?>
<!-- Generated by org.testng.reporters.JUnitReportReporter -->
<testsuite hostname="snail" failures="0" tests="6" name="FunctionalTesting.GetAuto" time="2.884" errors="0" timestamp="2022-11-10T17:10:33 COT" skipped="0">
  <testcase classname="FunctionalTesting.GetAuto" name="checkLastName" time="0.330"/>
  <system-out/>
  <testcase classname="FunctionalTesting.GetAuto" name="checkfirstName" time="0.267"/>
  <system-out/>
  <testcase classname="FunctionalTesting.GetAuto" name="getAuto" time="0.265"/>
  <system-out/>
  <testcase classname="FunctionalTesting.GetAuto" name="checkAvatar" time="1.279"/>
  <system-out/>
  <testcase classname="FunctionalTesting.GetAuto" name="checkEmail" time="0.442"/>
  <system-out/>
  <testcase classname="FunctionalTesting.GetAuto" name="checkId" time="0.301"/>
  <system-out/>
</testsuite> <!-- FunctionalTesting.GetAuto -->
